<?xml version="1.0" encoding="UTF-8"?>
<!-- Generated by org.testng.reporters.JUnitXMLReporter -->
<testsuite ignored="0" hostname="DESKTOP-U4N34CQ" failures="0" tests="3" name="testcycle1" time="33.275" errors="0" timestamp="2023-10-06T09:32:57 IST">
  <testcase classname="com.app.TestNG1.TestAnnotation" name="GetTite" time="11.598"/>
  <testcase classname="com.app.TestNG1.TestAnnotation" name="login" time="7.154"/>
  <testcase classname="com.app.TestNG1.TestAnnotation" name="logout" time="14.482"/>
</testsuite> <!-- testcycle1 -->
