<?xml version="1.0" encoding="UTF-8"?>
<!-- Generated by org.testng.reporters.JUnitXMLReporter -->
<testsuite ignored="0" hostname="DESKTOP-U4N34CQ" failures="0" tests="3" name="testcycle3" time="19.537" errors="0" timestamp="2023-10-05T12:05:55 IST">
  <testcase classname="com.app.TestNG1.TestAnnotation" name="GetTite" time="4.153"/>
  <testcase classname="com.app.TestNG1.TestAnnotation" name="login" time="6.775"/>
  <testcase classname="com.app.TestNG1.TestAnnotation" name="logout" time="8.596"/>
</testsuite> <!-- testcycle3 -->
