<?xml version="1.0" encoding="UTF-8"?>
<!-- Generated by org.testng.reporters.JUnitXMLReporter -->
<testsuite ignored="0" hostname="DESKTOP-U4N34CQ" failures="0" tests="3" name="testcycle2" time="19.857" errors="0" timestamp="2023-10-06T09:33:17 IST">
  <testcase classname="com.app.TestNG1.TestAnnotation" name="GetTite" time="4.446"/>
  <testcase classname="com.app.TestNG1.TestAnnotation" name="login" time="6.967"/>
  <testcase classname="com.app.TestNG1.TestAnnotation" name="logout" time="8.431"/>
</testsuite> <!-- testcycle2 -->
