<?xml version="1.0" encoding="UTF-8"?>
<testng-results ignored="0" total="1" passed="1" failed="0" skipped="0">
  <reporter-output>
  </reporter-output>
  <suite started-at="2023-10-09T11:42:08 IST" name="Default suite" finished-at="2023-10-09T11:42:16 IST" duration-ms="8370">
    <groups>
    </groups>
    <test started-at="2023-10-09T11:42:08 IST" name="Default test" finished-at="2023-10-09T11:42:16 IST" duration-ms="8370">
      <class name="com.app.SeleniumGRID.GRIDstandalonedemo">
        <test-method signature="GridDemo1()[pri:0, instance:com.app.SeleniumGRID.GRIDstandalonedemo@21282ed8]" started-at="2023-10-09T11:42:08 IST" name="GridDemo1" finished-at="2023-10-09T11:42:16 IST" duration-ms="8290" status="PASS">
          <reporter-output>
          </reporter-output>
        </test-method> <!-- GridDemo1 -->
      </class> <!-- com.app.SeleniumGRID.GRIDstandalonedemo -->
    </test> <!-- Default test -->
  </suite> <!-- Default suite -->
</testng-results>
